TN:
SF:src/App.tsx
FN:6,(anonymous_0)
FN:6,(anonymous_1)
FN:8,(anonymous_2)
FN:8,(anonymous_3)
FN:10,(anonymous_4)
FN:10,(anonymous_5)
FN:12,(anonymous_6)
FN:12,(anonymous_7)
FN:14,(anonymous_8)
FN:14,(anonymous_9)
FN:16,(anonymous_10)
FN:16,(anonymous_11)
FN:18,(anonymous_12)
FN:18,(anonymous_13)
FN:19,(anonymous_14)
FN:19,(anonymous_15)
FN:24,App
FN:28,(anonymous_17)
FNF:18
FNH:2
FNDA:0,(anonymous_0)
FNDA:0,(anonymous_1)
FNDA:0,(anonymous_2)
FNDA:0,(anonymous_3)
FNDA:0,(anonymous_4)
FNDA:0,(anonymous_5)
FNDA:0,(anonymous_6)
FNDA:0,(anonymous_7)
FNDA:0,(anonymous_8)
FNDA:0,(anonymous_9)
FNDA:0,(anonymous_10)
FNDA:0,(anonymous_11)
FNDA:0,(anonymous_12)
FNDA:0,(anonymous_13)
FNDA:0,(anonymous_14)
FNDA:0,(anonymous_15)
FNDA:4,App
FNDA:2,(anonymous_17)
DA:1,1
DA:2,1
DA:3,1
DA:4,1
DA:5,1
DA:6,1
DA:8,1
DA:10,1
DA:12,1
DA:14,1
DA:16,1
DA:18,1
DA:19,1
DA:20,1
DA:21,1
DA:22,1
DA:23,1
DA:25,4
DA:26,4
DA:28,4
DA:29,2
DA:30,2
DA:31,2
DA:32,1
DA:33,1
DA:34,1
DA:38,0
DA:40,2
DA:45,4
DA:46,2
DA:49,2
DA:176,1
LF:32
LH:31
BRDA:31,0,0,1
BRDA:31,0,1,1
BRDA:33,1,0,1
BRDA:33,1,1,0
BRDA:33,2,0,1
BRDA:33,2,1,1
BRDA:33,2,2,0
BRDA:33,2,3,0
BRDA:34,3,0,1
BRDA:34,3,1,0
BRDA:34,4,0,1
BRDA:34,4,1,0
BRDA:45,5,0,2
BRDA:45,5,1,2
BRF:14
BRH:9
end_of_record
TN:
SF:src/Components/CategoryList.tsx
FN:18,(anonymous_0)
FN:27,(anonymous_1)
FN:28,(anonymous_2)
FN:34,(anonymous_3)
FN:44,(anonymous_4)
FN:56,(anonymous_5)
FN:57,(anonymous_6)
FN:68,(anonymous_7)
FN:104,(anonymous_8)
FN:138,(anonymous_9)
FN:159,(anonymous_10)
FN:168,(anonymous_11)
FN:194,(anonymous_12)
FNF:13
FNH:10
FNDA:19,(anonymous_0)
FNDA:8,(anonymous_1)
FNDA:8,(anonymous_2)
FNDA:4,(anonymous_3)
FNDA:0,(anonymous_4)
FNDA:14,(anonymous_5)
FNDA:14,(anonymous_6)
FNDA:14,(anonymous_7)
FNDA:0,(anonymous_8)
FNDA:1,(anonymous_9)
FNDA:8,(anonymous_10)
FNDA:1,(anonymous_11)
FNDA:0,(anonymous_12)
DA:1,2
DA:2,2
DA:3,2
DA:10,2
DA:11,2
DA:18,2
DA:19,19
DA:20,19
DA:21,19
DA:22,19
DA:23,19
DA:24,19
DA:27,19
DA:28,8
DA:29,8
DA:30,8
DA:31,8
DA:32,8
DA:34,6
DA:35,6
DA:37,1
DA:39,7
DA:44,19
DA:45,0
DA:46,0
DA:47,0
DA:49,0
DA:56,19
DA:57,14
DA:58,14
DA:59,5
DA:60,5
DA:61,5
DA:65,14
DA:66,14
DA:68,14
DA:69,14
DA:74,19
DA:75,8
DA:85,11
DA:86,1
DA:89,10
DA:91,10
DA:104,0
DA:138,1
DA:160,8
DA:161,8
DA:162,8
DA:163,8
DA:168,1
DA:194,0
DA:207,2
LF:52
LH:46
BRDA:34,0,0,6
BRDA:34,0,1,0
BRDA:37,1,0,1
BRDA:37,1,1,0
BRDA:45,2,0,0
BRDA:45,2,1,0
BRDA:47,3,0,0
BRDA:47,3,1,0
BRDA:58,4,0,5
BRDA:58,4,1,9
BRDA:74,5,0,8
BRDA:74,5,1,11
BRDA:85,6,0,1
BRDA:85,6,1,10
BRDA:89,7,0,10
BRDA:89,7,1,2
BRDA:140,8,0,8
BRDA:140,8,1,2
BRDA:146,9,0,8
BRDA:146,9,1,2
BRDA:147,10,0,8
BRDA:147,10,1,2
BRDA:148,11,0,8
BRDA:148,11,1,2
BRDA:161,12,0,8
BRDA:161,12,1,0
BRDA:176,13,0,2
BRDA:176,13,1,6
BRDA:177,14,0,2
BRDA:177,14,1,6
BRDA:178,15,0,2
BRDA:178,15,1,6
BRF:32
BRH:25
end_of_record
TN:
SF:src/Components/ErrorBoundary.tsx
FN:16,(anonymous_0)
FN:19,(anonymous_1)
FN:24,(anonymous_2)
FNF:3
FNH:0
FNDA:0,(anonymous_0)
FNDA:0,(anonymous_1)
FNDA:0,(anonymous_2)
DA:1,0
DA:10,0
DA:17,0
DA:20,0
DA:21,0
DA:25,0
DA:26,0
DA:39,0
DA:43,0
LF:9
LH:0
BRDA:25,0,0,0
BRDA:25,0,1,0
BRDA:30,1,0,0
BRDA:30,1,1,0
BRF:4
BRH:0
end_of_record
TN:
SF:src/Components/Grid.tsx
FN:14,(anonymous_0)
FN:17,(anonymous_1)
FN:22,(anonymous_2)
FN:33,(anonymous_3)
FN:41,(anonymous_4)
FN:50,(anonymous_5)
FN:71,(anonymous_6)
FN:72,(anonymous_7)
FNF:8
FNH:6
FNDA:4,(anonymous_0)
FNDA:3,(anonymous_1)
FNDA:3,(anonymous_2)
FNDA:1,(anonymous_3)
FNDA:0,(anonymous_4)
FNDA:3,(anonymous_5)
FNDA:1,(anonymous_6)
FNDA:0,(anonymous_7)
DA:1,2
DA:2,2
DA:3,2
DA:4,2
DA:10,2
DA:14,2
DA:15,4
DA:17,4
DA:18,3
DA:19,3
DA:22,4
DA:23,3
DA:24,3
DA:25,0
DA:27,3
DA:28,3
DA:30,0
DA:33,4
DA:35,1
DA:37,1
DA:41,4
DA:42,0
DA:43,0
DA:44,0
DA:48,4
DA:51,3
DA:56,3
DA:62,3
DA:63,3
DA:64,3
DA:65,3
DA:67,3
DA:71,1
DA:72,0
DA:127,2
LF:35
LH:29
BRDA:23,0,0,3
BRDA:23,0,1,0
BRDA:24,1,0,0
BRDA:24,1,1,3
BRDA:27,2,0,3
BRDA:27,2,1,0
BRDA:42,3,0,0
BRDA:42,3,1,0
BRDA:42,4,0,0
BRDA:42,4,1,0
BRDA:51,5,0,3
BRDA:51,5,1,0
BRDA:53,6,0,0
BRDA:53,6,1,0
BRDA:53,6,2,0
BRDA:53,7,0,0
BRDA:53,7,1,0
BRDA:56,8,0,3
BRDA:56,8,1,3
BRDA:56,8,2,0
BRDA:56,8,3,0
BRDA:56,8,4,0
BRDA:62,9,0,3
BRDA:62,9,1,0
BRDA:63,10,0,3
BRDA:63,10,1,0
BRDA:64,11,0,3
BRDA:64,11,1,0
BRDA:65,12,0,3
BRDA:65,12,1,0
BRF:30
BRH:10
end_of_record
TN:
SF:src/Components/Navbar.tsx
FN:24,(anonymous_0)
FN:24,(anonymous_1)
FN:28,Navbar
FN:40,(anonymous_3)
FN:44,(anonymous_4)
FN:50,(anonymous_5)
FN:54,(anonymous_6)
FN:55,(anonymous_7)
FN:57,(anonymous_8)
FN:67,(anonymous_9)
FN:73,(anonymous_10)
FN:120,(anonymous_11)
FN:157,(anonymous_12)
FN:158,(anonymous_13)
FNF:14
FNH:9
FNDA:0,(anonymous_0)
FNDA:0,(anonymous_1)
FNDA:16,Navbar
FNDA:22,(anonymous_3)
FNDA:2,(anonymous_4)
FNDA:1,(anonymous_5)
FNDA:2,(anonymous_6)
FNDA:1,(anonymous_7)
FNDA:1,(anonymous_8)
FNDA:1,(anonymous_9)
FNDA:0,(anonymous_10)
FNDA:3,(anonymous_11)
FNDA:0,(anonymous_12)
FNDA:0,(anonymous_13)
DA:1,2
DA:2,2
DA:18,2
DA:19,2
DA:20,2
DA:21,2
DA:22,2
DA:24,2
DA:26,2
DA:28,2
DA:29,16
DA:30,16
DA:31,16
DA:32,16
DA:34,16
DA:35,16
DA:36,16
DA:38,16
DA:40,22
DA:41,16
DA:44,16
DA:45,2
DA:46,2
DA:47,2
DA:50,16
DA:51,1
DA:54,16
DA:55,16
DA:57,16
DA:58,1
DA:59,1
DA:60,1
DA:61,1
DA:63,0
DA:67,16
DA:68,1
DA:69,1
DA:70,1
DA:73,16
DA:74,0
DA:77,16
DA:79,16
DA:120,3
DA:157,0
DA:158,0
LF:45
LH:41
BRDA:46,0,0,0
BRDA:46,0,1,2
BRDA:51,1,0,1
BRDA:51,1,1,0
BRDA:68,2,0,1
BRDA:68,2,1,0
BRDA:77,3,0,16
BRDA:77,3,1,9
BRDA:77,3,2,9
BRDA:96,4,0,16
BRDA:96,4,1,16
BRDA:140,5,0,16
BRDA:140,5,1,9
BRDA:146,6,0,16
BRDA:146,6,1,7
BRDA:150,7,0,7
BRDA:150,7,1,0
BRDA:151,8,0,7
BRDA:151,8,1,0
BRDA:165,9,0,16
BRDA:165,9,1,0
BRF:21
BRH:15
end_of_record
TN:
SF:src/Components/RelatedVideoItem.tsx
FN:9,RelatedVideoItem
FN:21,(anonymous_1)
FN:39,(anonymous_2)
FNF:3
FNH:3
FNDA:1,RelatedVideoItem
FNDA:1,(anonymous_1)
FNDA:1,(anonymous_2)
DA:1,1
DA:2,1
DA:9,1
DA:10,1
DA:11,1
DA:12,1
DA:15,1
DA:19,1
DA:21,1
DA:22,1
DA:23,1
DA:24,0
DA:27,1
DA:39,1
LF:14
LH:13
BRDA:10,0,0,1
BRDA:10,0,1,0
BRDA:11,1,0,1
BRDA:11,1,1,0
BRDA:12,2,0,1
BRDA:12,2,1,0
BRDA:15,3,0,1
BRDA:15,3,1,0
BRDA:15,3,2,0
BRDA:19,4,0,1
BRDA:19,4,1,0
BRDA:22,5,0,0
BRDA:22,5,1,1
BRDA:23,6,0,1
BRDA:23,6,1,0
BRF:15
BRH:7
end_of_record
TN:
SF:src/Components/SearchTabs.tsx
FN:4,(anonymous_0)
FN:11,(anonymous_1)
FN:12,(anonymous_2)
FNF:3
FNH:3
FNDA:5,(anonymous_0)
FNDA:1,(anonymous_1)
FNDA:1,(anonymous_2)
DA:1,1
DA:2,1
DA:4,1
DA:5,5
DA:6,5
DA:7,5
DA:9,5
DA:11,5
DA:12,5
DA:14,5
DA:15,5
DA:17,5
DA:41,1
LF:13
LH:13
BRDA:9,0,0,5
BRDA:9,0,1,0
BRDA:20,1,0,5
BRDA:20,1,1,0
BRDA:21,2,0,5
BRDA:21,2,1,0
BRDA:23,3,0,5
BRDA:23,3,1,0
BRDA:24,4,0,5
BRDA:24,4,1,0
BRDA:28,5,0,0
BRDA:28,5,1,5
BRDA:29,6,0,0
BRDA:29,6,1,5
BRDA:31,7,0,0
BRDA:31,7,1,5
BRDA:32,8,0,0
BRDA:32,8,1,5
BRF:18
BRH:9
end_of_record
TN:
SF:src/Components/SideDrawer.tsx
FN:24,(anonymous_0)
FN:31,(anonymous_1)
FN:34,(anonymous_2)
FN:35,(anonymous_3)
FN:40,(anonymous_4)
FN:43,(anonymous_5)
FN:56,(anonymous_6)
FN:63,(anonymous_7)
FN:157,(anonymous_8)
FN:191,(anonymous_9)
FN:198,(anonymous_10)
FN:210,(anonymous_11)
FNF:12
FNH:12
FNDA:16,(anonymous_0)
FNDA:16,(anonymous_1)
FNDA:6,(anonymous_2)
FNDA:6,(anonymous_3)
FNDA:4,(anonymous_4)
FNDA:3,(anonymous_5)
FNDA:1,(anonymous_6)
FNDA:1,(anonymous_7)
FNDA:1,(anonymous_8)
FNDA:96,(anonymous_9)
FNDA:4,(anonymous_10)
FNDA:1,(anonymous_11)
DA:1,1
DA:2,1
DA:3,1
DA:4,1
DA:5,1
DA:6,1
DA:7,1
DA:8,1
DA:9,1
DA:10,1
DA:11,1
DA:12,1
DA:13,1
DA:14,1
DA:15,1
DA:17,1
DA:24,1
DA:25,16
DA:26,16
DA:27,16
DA:28,16
DA:29,16
DA:31,16
DA:32,16
DA:34,16
DA:35,6
DA:36,6
DA:37,6
DA:38,6
DA:39,5
DA:40,4
DA:42,5
DA:43,5
DA:47,5
DA:49,0
DA:51,5
DA:56,16
DA:57,1
DA:58,1
DA:59,1
DA:60,1
DA:63,16
DA:64,1
DA:65,1
DA:67,0
DA:69,1
DA:70,1
DA:75,16
DA:158,1
DA:159,1
DA:192,96
DA:199,4
DA:210,1
DA:245,1
LF:54
LH:52
BRDA:39,0,0,5
BRDA:39,0,1,0
BRDA:45,1,0,3
BRDA:45,1,1,0
BRDA:58,2,0,1
BRDA:58,2,1,0
BRDA:58,3,0,1
BRDA:58,3,1,0
BRDA:113,4,0,5
BRDA:113,4,1,11
BRDA:116,5,0,5
BRDA:116,5,1,0
BRDA:191,6,0,16
BRDA:191,6,1,6
BRDA:197,7,0,16
BRDA:197,7,1,10
BRDA:202,8,0,1
BRDA:202,8,1,3
BRDA:216,9,0,16
BRDA:216,9,1,10
BRDA:216,9,2,7
BRDA:224,10,0,16
BRDA:224,10,1,5
BRF:23
BRH:18
end_of_record
TN:
SF:src/Pages/ChannelPage.tsx
FN:22,(anonymous_0)
FN:27,(anonymous_1)
FN:38,(anonymous_2)
FN:39,(anonymous_3)
FN:62,(anonymous_4)
FN:63,initSubscriptionStatus
FN:96,(anonymous_6)
FN:133,(anonymous_7)
FN:179,(anonymous_8)
FN:244,(anonymous_9)
FNF:10
FNH:0
FNDA:0,(anonymous_0)
FNDA:0,(anonymous_1)
FNDA:0,(anonymous_2)
FNDA:0,(anonymous_3)
FNDA:0,(anonymous_4)
FNDA:0,initSubscriptionStatus
FNDA:0,(anonymous_6)
FNDA:0,(anonymous_7)
FNDA:0,(anonymous_8)
FNDA:0,(anonymous_9)
DA:1,0
DA:2,0
DA:3,0
DA:6,0
DA:17,0
DA:19,0
DA:22,0
DA:23,0
DA:24,0
DA:25,0
DA:27,0
DA:29,0
DA:30,0
DA:31,0
DA:32,0
DA:34,0
DA:35,0
DA:36,0
DA:38,0
DA:39,0
DA:40,0
DA:42,0
DA:43,0
DA:44,0
DA:45,0
DA:46,0
DA:47,0
DA:49,0
DA:52,0
DA:54,0
DA:58,0
DA:62,0
DA:64,0
DA:66,0
DA:67,0
DA:68,0
DA:69,0
DA:70,0
DA:71,0
DA:73,0
DA:74,0
DA:77,0
DA:78,0
DA:80,0
DA:81,0
DA:82,0
DA:83,0
DA:84,0
DA:85,0
DA:87,0
DA:88,0
DA:92,0
DA:96,0
DA:97,0
DA:98,0
DA:99,0
DA:102,0
DA:103,0
DA:104,0
DA:105,0
DA:106,0
DA:107,0
DA:108,0
DA:109,0
DA:110,0
DA:112,0
DA:113,0
DA:114,0
DA:115,0
DA:117,0
DA:118,0
DA:119,0
DA:121,0
DA:125,0
DA:126,0
DA:127,0
DA:128,0
DA:129,0
DA:130,0
DA:131,0
DA:133,0
DA:137,0
DA:138,0
DA:140,0
DA:144,0
DA:145,0
DA:152,0
DA:153,0
DA:160,0
DA:161,0
DA:168,0
DA:169,0
DA:170,0
DA:171,0
DA:172,0
DA:173,0
DA:175,0
DA:179,0
DA:244,0
DA:254,0
LF:100
LH:0
BRDA:40,0,0,0
BRDA:40,0,1,0
BRDA:46,1,0,0
BRDA:46,1,1,0
BRDA:46,2,0,0
BRDA:46,2,1,0
BRDA:52,3,0,0
BRDA:52,3,1,0
BRDA:64,4,0,0
BRDA:64,4,1,0
BRDA:66,5,0,0
BRDA:66,5,1,0
BRDA:66,6,0,0
BRDA:66,6,1,0
BRDA:69,7,0,0
BRDA:69,7,1,0
BRDA:69,8,0,0
BRDA:69,8,1,0
BRDA:71,9,0,0
BRDA:71,9,1,0
BRDA:80,10,0,0
BRDA:80,10,1,0
BRDA:80,11,0,0
BRDA:80,11,1,0
BRDA:80,11,2,0
BRDA:82,12,0,0
BRDA:82,12,1,0
BRDA:83,13,0,0
BRDA:83,13,1,0
BRDA:97,14,0,0
BRDA:97,14,1,0
BRDA:97,15,0,0
BRDA:97,15,1,0
BRDA:97,15,2,0
BRDA:105,16,0,0
BRDA:105,16,1,0
BRDA:106,17,0,0
BRDA:106,17,1,0
BRDA:106,18,0,0
BRDA:106,18,1,0
BRDA:107,19,0,0
BRDA:107,19,1,0
BRDA:109,20,0,0
BRDA:109,20,1,0
BRDA:112,21,0,0
BRDA:112,21,1,0
BRDA:118,22,0,0
BRDA:118,22,1,0
BRDA:118,23,0,0
BRDA:118,23,1,0
BRDA:125,24,0,0
BRDA:125,24,1,0
BRDA:125,25,0,0
BRDA:125,25,1,0
BRDA:125,25,2,0
BRDA:128,26,0,0
BRDA:128,26,1,0
BRDA:130,27,0,0
BRDA:130,27,1,0
BRDA:144,28,0,0
BRDA:144,28,1,0
BRDA:152,29,0,0
BRDA:152,29,1,0
BRDA:160,30,0,0
BRDA:160,30,1,0
BRDA:170,31,0,0
BRDA:170,31,1,0
BRDA:171,32,0,0
BRDA:171,32,1,0
BRDA:192,33,0,0
BRDA:192,33,1,0
BRDA:219,34,0,0
BRDA:219,34,1,0
BRDA:222,35,0,0
BRDA:222,35,1,0
BRDA:223,36,0,0
BRDA:223,36,1,0
BRDA:235,37,0,0
BRDA:235,37,1,0
BRDA:237,38,0,0
BRDA:237,38,1,0
BRDA:239,39,0,0
BRDA:239,39,1,0
BRDA:243,40,0,0
BRDA:243,40,1,0
BRDA:245,41,0,0
BRDA:245,41,1,0
BRF:87
BRH:0
end_of_record
TN:
SF:src/Pages/ChannelSearchPage.tsx
FN:14,(anonymous_0)
FN:20,(anonymous_1)
FN:22,(anonymous_2)
FN:36,(anonymous_3)
FN:37,(anonymous_4)
FN:51,(anonymous_5)
FN:70,(anonymous_6)
FN:85,(anonymous_7)
FNF:8
FNH:0
FNDA:0,(anonymous_0)
FNDA:0,(anonymous_1)
FNDA:0,(anonymous_2)
FNDA:0,(anonymous_3)
FNDA:0,(anonymous_4)
FNDA:0,(anonymous_5)
FNDA:0,(anonymous_6)
FNDA:0,(anonymous_7)
DA:1,0
DA:2,0
DA:3,0
DA:11,0
DA:12,0
DA:14,0
DA:15,0
DA:16,0
DA:17,0
DA:18,0
DA:19,0
DA:20,0
DA:21,0
DA:22,0
DA:23,0
DA:24,0
DA:25,0
DA:26,0
DA:28,0
DA:31,0
DA:36,0
DA:37,0
DA:38,0
DA:47,0
DA:51,0
DA:71,0
DA:72,0
DA:73,0
DA:76,0
DA:81,0
DA:85,0
DA:134,0
LF:32
LH:0
BRDA:21,0,0,0
BRDA:21,0,1,0
BRDA:28,1,0,0
BRDA:28,1,1,0
BRDA:69,2,0,0
BRDA:69,2,1,0
BRDA:72,3,0,0
BRDA:72,3,1,0
BRDA:73,4,0,0
BRDA:73,4,1,0
BRDA:76,5,0,0
BRDA:76,5,1,0
BRDA:76,5,2,0
BRDA:76,5,3,0
BRDA:121,6,0,0
BRDA:121,6,1,0
BRF:16
BRH:0
end_of_record
TN:
SF:src/Pages/HomePage.tsx
FN:11,(anonymous_0)
FN:21,(anonymous_1)
FN:32,(anonymous_2)
FN:35,(anonymous_3)
FN:36,(anonymous_4)
FN:42,(anonymous_5)
FN:44,(anonymous_6)
FN:50,(anonymous_7)
FN:53,(anonymous_8)
FN:56,(anonymous_9)
FN:71,(anonymous_10)
FN:74,(anonymous_11)
FN:77,(anonymous_12)
FN:97,(anonymous_13)
FNF:14
FNH:8
FNDA:0,(anonymous_0)
FNDA:0,(anonymous_1)
FNDA:4,(anonymous_2)
FNDA:10,(anonymous_3)
FNDA:10,(anonymous_4)
FNDA:10,(anonymous_5)
FNDA:2,(anonymous_6)
FNDA:2,(anonymous_7)
FNDA:0,(anonymous_8)
FNDA:0,(anonymous_9)
FNDA:2,(anonymous_10)
FNDA:2,(anonymous_11)
FNDA:0,(anonymous_12)
FNDA:0,(anonymous_13)
DA:1,1
DA:2,1
DA:3,1
DA:5,1
DA:6,1
DA:7,1
DA:8,1
DA:9,1
DA:11,1
DA:12,0
DA:13,0
DA:22,0
DA:32,1
DA:34,4
DA:35,10
DA:36,10
DA:38,4
DA:39,4
DA:40,4
DA:42,10
DA:44,4
DA:46,2
DA:47,2
DA:50,4
DA:51,2
DA:52,2
DA:53,2
DA:54,0
DA:55,0
DA:56,0
DA:57,0
DA:59,0
DA:60,0
DA:61,0
DA:62,0
DA:65,0
DA:70,2
DA:71,2
DA:74,4
DA:75,2
DA:77,0
DA:78,0
DA:79,0
DA:80,0
DA:81,0
DA:82,0
DA:84,0
DA:86,0
DA:91,0
DA:94,4
DA:97,4
DA:98,0
DA:102,4
DA:103,3
DA:106,1
DA:156,1
LF:56
LH:34
BRDA:11,0,0,0
BRDA:46,1,0,2
BRDA:46,1,1,0
BRDA:54,2,0,0
BRDA:54,2,1,0
BRDA:59,3,0,0
BRDA:59,3,1,0
BRDA:59,4,0,0
BRDA:59,4,1,0
BRDA:61,5,0,0
BRDA:61,5,1,0
BRDA:75,6,0,2
BRDA:75,6,1,0
BRDA:98,7,0,0
BRDA:98,7,1,0
BRDA:98,8,0,0
BRDA:98,8,1,0
BRDA:102,9,0,3
BRDA:102,9,1,1
BRDA:118,10,0,1
BRDA:118,10,1,0
BRDA:124,11,0,0
BRDA:124,11,1,1
BRDA:124,12,0,1
BRDA:124,12,1,0
BRDA:130,13,0,1
BRDA:130,13,1,0
BRDA:130,13,2,0
BRDA:139,14,0,0
BRDA:139,14,1,0
BRDA:142,15,0,0
BRDA:142,15,1,0
BRDA:144,16,0,0
BRDA:144,16,1,0
BRF:34
BRH:8
end_of_record
TN:
SF:src/Pages/LoginPage.tsx
FN:15,LoginPage
FN:25,(anonymous_1)
FN:29,(anonymous_2)
FN:33,(anonymous_3)
FN:64,(anonymous_4)
FN:73,(anonymous_5)
FN:85,(anonymous_6)
FN:115,(anonymous_7)
FN:125,(anonymous_8)
FNF:9
FNH:0
FNDA:0,LoginPage
FNDA:0,(anonymous_1)
FNDA:0,(anonymous_2)
FNDA:0,(anonymous_3)
FNDA:0,(anonymous_4)
FNDA:0,(anonymous_5)
FNDA:0,(anonymous_6)
FNDA:0,(anonymous_7)
FNDA:0,(anonymous_8)
DA:1,0
DA:2,0
DA:9,0
DA:10,0
DA:11,0
DA:12,0
DA:13,0
DA:15,0
DA:16,0
DA:17,0
DA:19,0
DA:20,0
DA:21,0
DA:22,0
DA:25,0
DA:26,0
DA:27,0
DA:29,0
DA:30,0
DA:33,0
DA:34,0
DA:35,0
DA:37,0
DA:38,0
DA:39,0
DA:40,0
DA:42,0
DA:43,0
DA:46,0
DA:47,0
DA:49,0
DA:50,0
DA:51,0
DA:52,0
DA:53,0
DA:54,0
DA:56,0
DA:59,0
DA:60,0
DA:64,0
DA:65,0
DA:66,0
DA:67,0
DA:69,0
DA:70,0
DA:74,0
DA:75,0
DA:76,0
DA:78,0
DA:79,0
DA:82,0
DA:85,0
DA:86,0
DA:89,0
DA:115,0
DA:125,0
LF:56
LH:0
BRDA:34,0,0,0
BRDA:34,0,1,0
BRDA:39,1,0,0
BRDA:39,1,1,0
BRDA:40,2,0,0
BRDA:40,2,1,0
BRDA:42,3,0,0
BRDA:42,3,1,0
BRDA:46,4,0,0
BRDA:46,4,1,0
BRDA:53,5,0,0
BRDA:53,5,1,0
BRDA:54,6,0,0
BRDA:54,6,1,0
BRDA:60,7,0,0
BRDA:60,7,1,0
BRDA:66,8,0,0
BRDA:66,8,1,0
BRDA:75,9,0,0
BRDA:75,9,1,0
BRDA:128,10,0,0
BRDA:128,10,1,0
BRDA:141,11,0,0
BRDA:141,11,1,0
BRF:24
BRH:0
end_of_record
TN:
SF:src/Pages/NoMatchFoundRoute.tsx
FN:6,(anonymous_0)
FN:46,(anonymous_1)
FNF:2
FNH:0
FNDA:0,(anonymous_0)
FNDA:0,(anonymous_1)
DA:1,0
DA:2,0
DA:3,0
DA:4,0
DA:6,0
DA:7,0
DA:9,0
DA:46,0
DA:59,0
LF:9
LH:0
BRF:0
BRH:0
end_of_record
TN:
SF:src/Pages/ProfilePage.tsx
FN:21,(anonymous_0)
FN:24,(anonymous_1)
FN:36,(anonymous_2)
FN:42,(anonymous_3)
FN:43,(anonymous_4)
FN:72,(anonymous_5)
FN:85,(anonymous_6)
FN:117,(anonymous_7)
FN:125,(anonymous_8)
FN:127,(anonymous_9)
FN:144,(anonymous_10)
FN:172,(anonymous_11)
FN:202,(anonymous_12)
FN:218,(anonymous_13)
FNF:14
FNH:0
FNDA:0,(anonymous_0)
FNDA:0,(anonymous_1)
FNDA:0,(anonymous_2)
FNDA:0,(anonymous_3)
FNDA:0,(anonymous_4)
FNDA:0,(anonymous_5)
FNDA:0,(anonymous_6)
FNDA:0,(anonymous_7)
FNDA:0,(anonymous_8)
FNDA:0,(anonymous_9)
FNDA:0,(anonymous_10)
FNDA:0,(anonymous_11)
FNDA:0,(anonymous_12)
FNDA:0,(anonymous_13)
DA:1,0
DA:2,0
DA:14,0
DA:16,0
DA:17,0
DA:18,0
DA:19,0
DA:21,0
DA:22,0
DA:23,0
DA:24,0
DA:25,0
DA:26,0
DA:27,0
DA:29,0
DA:30,0
DA:32,0
DA:33,0
DA:34,0
DA:36,0
DA:37,0
DA:38,0
DA:42,0
DA:43,0
DA:44,0
DA:45,0
DA:47,0
DA:48,0
DA:49,0
DA:50,0
DA:51,0
DA:52,0
DA:53,0
DA:55,0
DA:56,0
DA:59,0
DA:62,0
DA:63,0
DA:65,0
DA:70,0
DA:72,0
DA:73,0
DA:74,0
DA:76,0
DA:78,0
DA:80,0
DA:81,0
DA:82,0
DA:83,0
DA:85,0
DA:87,0
DA:93,0
DA:94,0
DA:97,0
DA:100,0
DA:101,0
DA:103,0
DA:106,0
DA:111,0
DA:113,0
DA:114,0
DA:115,0
DA:117,0
DA:118,0
DA:119,0
DA:120,0
DA:122,0
DA:125,0
DA:126,0
DA:128,0
DA:137,0
DA:138,0
DA:140,0
DA:144,0
DA:172,0
DA:203,0
DA:204,0
DA:205,0
DA:208,0
DA:214,0
DA:218,0
DA:273,0
LF:82
LH:0
BRDA:37,0,0,0
BRDA:37,0,1,0
BRDA:44,1,0,0
BRDA:44,1,1,0
BRDA:44,2,0,0
BRDA:44,2,1,0
BRDA:44,2,2,0
BRDA:51,3,0,0
BRDA:51,3,1,0
BRDA:53,4,0,0
BRDA:53,4,1,0
BRDA:55,5,0,0
BRDA:55,5,1,0
BRDA:63,6,0,0
BRDA:63,6,1,0
BRDA:73,7,0,0
BRDA:73,7,1,0
BRDA:73,8,0,0
BRDA:73,8,1,0
BRDA:73,8,2,0
BRDA:82,9,0,0
BRDA:82,9,1,0
BRDA:85,10,0,0
BRDA:85,10,1,0
BRDA:93,11,0,0
BRDA:93,11,1,0
BRDA:101,12,0,0
BRDA:101,12,1,0
BRDA:111,13,0,0
BRDA:111,13,1,0
BRDA:113,14,0,0
BRDA:113,14,1,0
BRDA:114,15,0,0
BRDA:114,15,1,0
BRDA:114,15,2,0
BRDA:115,16,0,0
BRDA:115,16,1,0
BRDA:137,17,0,0
BRDA:137,17,1,0
BRDA:159,18,0,0
BRDA:159,18,1,0
BRDA:159,19,0,0
BRDA:159,19,1,0
BRDA:185,20,0,0
BRDA:185,20,1,0
BRDA:188,21,0,0
BRDA:188,21,1,0
BRDA:197,22,0,0
BRDA:197,22,1,0
BRDA:200,23,0,0
BRDA:200,23,1,0
BRDA:204,24,0,0
BRDA:204,24,1,0
BRDA:205,25,0,0
BRDA:205,25,1,0
BRDA:208,26,0,0
BRDA:208,26,1,0
BRDA:208,26,2,0
BRDA:208,26,3,0
BRDA:257,27,0,0
BRDA:257,27,1,0
BRF:61
BRH:0
end_of_record
TN:
SF:src/Pages/SearchPage.tsx
FN:9,(anonymous_0)
FN:19,(anonymous_1)
FN:22,load
FN:41,(anonymous_3)
FN:45,(anonymous_4)
FN:49,(anonymous_5)
FN:59,(anonymous_6)
FN:74,(anonymous_7)
FN:77,(anonymous_8)
FN:78,(anonymous_9)
FN:92,(anonymous_10)
FNF:11
FNH:0
FNDA:0,(anonymous_0)
FNDA:0,(anonymous_1)
FNDA:0,load
FNDA:0,(anonymous_3)
FNDA:0,(anonymous_4)
FNDA:0,(anonymous_5)
FNDA:0,(anonymous_6)
FNDA:0,(anonymous_7)
FNDA:0,(anonymous_8)
FNDA:0,(anonymous_9)
FNDA:0,(anonymous_10)
DA:1,0
DA:2,0
DA:3,0
DA:4,0
DA:5,0
DA:6,0
DA:9,0
DA:10,0
DA:12,0
DA:13,0
DA:14,0
DA:15,0
DA:16,0
DA:17,0
DA:19,0
DA:20,0
DA:23,0
DA:24,0
DA:26,0
DA:27,0
DA:28,0
DA:29,0
DA:31,0
DA:33,0
DA:37,0
DA:41,0
DA:42,0
DA:43,0
DA:45,0
DA:46,0
DA:47,0
DA:49,0
DA:50,0
DA:51,0
DA:53,0
DA:55,0
DA:56,0
DA:57,0
DA:58,0
DA:59,0
DA:60,0
DA:62,0
DA:64,0
DA:68,0
DA:73,0
DA:74,0
DA:77,0
DA:78,0
DA:79,0
DA:88,0
DA:92,0
DA:128,0
LF:52
LH:0
BRDA:20,0,0,0
BRDA:20,0,1,0
BRDA:29,1,0,0
BRDA:29,1,1,0
BRDA:46,2,0,0
BRDA:46,2,1,0
BRDA:51,3,0,0
BRDA:51,3,1,0
BRDA:51,4,0,0
BRDA:51,4,1,0
BRDA:51,4,2,0
BRDA:55,5,0,0
BRDA:55,5,1,0
BRDA:60,6,0,0
BRDA:60,6,1,0
BRDA:109,7,0,0
BRDA:109,7,1,0
BRDA:114,8,0,0
BRDA:114,8,1,0
BRDA:117,9,0,0
BRDA:117,9,1,0
BRDA:119,10,0,0
BRDA:119,10,1,0
BRF:23
BRH:0
end_of_record
TN:
SF:src/Pages/SignupPage.tsx
FN:15,SignupPage
FN:27,(anonymous_1)
FN:32,(anonymous_2)
FN:37,(anonymous_3)
FN:73,(anonymous_4)
FN:104,(anonymous_5)
FN:125,(anonymous_6)
FN:155,(anonymous_7)
FN:163,(anonymous_8)
FN:172,(anonymous_9)
FN:181,(anonymous_10)
FNF:11
FNH:0
FNDA:0,SignupPage
FNDA:0,(anonymous_1)
FNDA:0,(anonymous_2)
FNDA:0,(anonymous_3)
FNDA:0,(anonymous_4)
FNDA:0,(anonymous_5)
FNDA:0,(anonymous_6)
FNDA:0,(anonymous_7)
FNDA:0,(anonymous_8)
FNDA:0,(anonymous_9)
FNDA:0,(anonymous_10)
DA:1,0
DA:2,0
DA:9,0
DA:10,0
DA:11,0
DA:12,0
DA:13,0
DA:15,0
DA:16,0
DA:17,0
DA:19,0
DA:20,0
DA:21,0
DA:22,0
DA:23,0
DA:24,0
DA:27,0
DA:28,0
DA:29,0
DA:32,0
DA:33,0
DA:34,0
DA:37,0
DA:38,0
DA:39,0
DA:41,0
DA:42,0
DA:43,0
DA:44,0
DA:45,0
DA:46,0
DA:48,0
DA:49,0
DA:52,0
DA:53,0
DA:56,0
DA:57,0
DA:60,0
DA:61,0
DA:63,0
DA:64,0
DA:65,0
DA:68,0
DA:69,0
DA:73,0
DA:74,0
DA:75,0
DA:76,0
DA:77,0
DA:80,0
DA:81,0
DA:83,0
DA:84,0
DA:85,0
DA:88,0
DA:89,0
DA:90,0
DA:91,0
DA:92,0
DA:95,0
DA:96,0
DA:97,0
DA:98,0
DA:101,0
DA:105,0
DA:106,0
DA:107,0
DA:108,0
DA:110,0
DA:118,0
DA:122,0
DA:125,0
DA:126,0
DA:129,0
DA:155,0
DA:163,0
DA:172,0
DA:181,0
LF:78
LH:0
BRDA:38,0,0,0
BRDA:38,0,1,0
BRDA:44,1,0,0
BRDA:44,1,1,0
BRDA:45,2,0,0
BRDA:45,2,1,0
BRDA:46,3,0,0
BRDA:46,3,1,0
BRDA:48,4,0,0
BRDA:48,4,1,0
BRDA:52,5,0,0
BRDA:52,5,1,0
BRDA:56,6,0,0
BRDA:56,6,1,0
BRDA:69,7,0,0
BRDA:69,7,1,0
BRDA:75,8,0,0
BRDA:75,8,1,0
BRDA:90,9,0,0
BRDA:90,9,1,0
BRDA:96,10,0,0
BRDA:96,10,1,0
BRDA:106,11,0,0
BRDA:106,11,1,0
BRDA:184,12,0,0
BRDA:184,12,1,0
BRDA:197,13,0,0
BRDA:197,13,1,0
BRF:28
BRH:0
end_of_record
TN:
SF:src/Pages/WatchPage.tsx
FN:20,(anonymous_0)
FN:38,(anonymous_1)
FN:42,(anonymous_2)
FN:55,(anonymous_3)
FN:59,(anonymous_4)
FN:77,(anonymous_5)
FN:81,(anonymous_6)
FN:83,(anonymous_7)
FN:97,(anonymous_8)
FN:99,(anonymous_9)
FN:103,(anonymous_10)
FN:114,(anonymous_11)
FN:115,initSubscription
FN:148,(anonymous_13)
FN:175,(anonymous_14)
FN:231,(anonymous_15)
FN:234,(anonymous_16)
FN:247,(anonymous_17)
FN:252,(anonymous_18)
FN:258,(anonymous_19)
FN:303,(anonymous_20)
FN:335,(anonymous_21)
FN:389,(anonymous_22)
FN:401,(anonymous_23)
FN:423,(anonymous_24)
FN:461,(anonymous_25)
FNF:26
FNH:0
FNDA:0,(anonymous_0)
FNDA:0,(anonymous_1)
FNDA:0,(anonymous_2)
FNDA:0,(anonymous_3)
FNDA:0,(anonymous_4)
FNDA:0,(anonymous_5)
FNDA:0,(anonymous_6)
FNDA:0,(anonymous_7)
FNDA:0,(anonymous_8)
FNDA:0,(anonymous_9)
FNDA:0,(anonymous_10)
FNDA:0,(anonymous_11)
FNDA:0,initSubscription
FNDA:0,(anonymous_13)
FNDA:0,(anonymous_14)
FNDA:0,(anonymous_15)
FNDA:0,(anonymous_16)
FNDA:0,(anonymous_17)
FNDA:0,(anonymous_18)
FNDA:0,(anonymous_19)
FNDA:0,(anonymous_20)
FNDA:0,(anonymous_21)
FNDA:0,(anonymous_22)
FNDA:0,(anonymous_23)
FNDA:0,(anonymous_24)
FNDA:0,(anonymous_25)
DA:1,0
DA:2,0
DA:3,0
DA:4,0
DA:5,0
DA:13,0
DA:14,0
DA:15,0
DA:17,0
DA:20,0
DA:21,0
DA:38,0
DA:39,0
DA:40,0
DA:43,0
DA:55,0
DA:56,0
DA:57,0
DA:58,0
DA:59,0
DA:61,0
DA:62,0
DA:63,0
DA:65,0
DA:66,0
DA:67,0
DA:68,0
DA:69,0
DA:71,0
DA:72,0
DA:73,0
DA:75,0
DA:77,0
DA:78,0
DA:81,0
DA:82,0
DA:83,0
DA:84,0
DA:85,0
DA:86,0
DA:87,0
DA:88,0
DA:90,0
DA:92,0
DA:97,0
DA:98,0
DA:99,0
DA:100,0
DA:101,0
DA:102,0
DA:103,0
DA:104,0
DA:106,0
DA:108,0
DA:114,0
DA:116,0
DA:117,0
DA:119,0
DA:120,0
DA:121,0
DA:122,0
DA:123,0
DA:124,0
DA:126,0
DA:127,0
DA:130,0
DA:131,0
DA:133,0
DA:134,0
DA:135,0
DA:136,0
DA:137,0
DA:138,0
DA:140,0
DA:141,0
DA:145,0
DA:148,0
DA:149,0
DA:150,0
DA:151,0
DA:154,0
DA:156,0
DA:157,0
DA:158,0
DA:159,0
DA:160,0
DA:162,0
DA:163,0
DA:166,0
DA:168,0
DA:169,0
DA:171,0
DA:175,0
DA:176,0
DA:177,0
DA:178,0
DA:181,0
DA:182,0
DA:183,0
DA:184,0
DA:185,0
DA:186,0
DA:187,0
DA:190,0
DA:191,0
DA:192,0
DA:193,0
DA:194,0
DA:195,0
DA:196,0
DA:197,0
DA:200,0
DA:201,0
DA:202,0
DA:203,0
DA:204,0
DA:205,0
DA:208,0
DA:209,0
DA:210,0
DA:211,0
DA:212,0
DA:215,0
DA:216,0
DA:217,0
DA:218,0
DA:222,0
DA:223,0
DA:224,0
DA:225,0
DA:226,0
DA:227,0
DA:228,0
DA:229,0
DA:231,0
DA:234,0
DA:237,0
DA:240,0
DA:241,0
DA:243,0
DA:247,0
DA:248,0
DA:249,0
DA:252,0
DA:253,0
DA:254,0
DA:255,0
DA:256,0
DA:258,0
DA:259,0
DA:260,0
DA:261,0
DA:262,0
DA:265,0
DA:267,0
DA:268,0
DA:290,0
DA:291,0
DA:298,0
DA:299,0
DA:303,0
DA:320,0
DA:321,0
DA:323,0
DA:335,0
DA:389,0
DA:401,0
DA:423,0
DA:462,0
DA:471,0
LF:170
LH:0
BRDA:38,0,0,0
BRDA:61,1,0,0
BRDA:61,1,1,0
BRDA:78,2,0,0
BRDA:78,2,1,0
BRDA:82,3,0,0
BRDA:82,3,1,0
BRDA:90,4,0,0
BRDA:90,4,1,0
BRDA:98,5,0,0
BRDA:98,5,1,0
BRDA:117,6,0,0
BRDA:117,6,1,0
BRDA:119,7,0,0
BRDA:119,7,1,0
BRDA:119,8,0,0
BRDA:119,8,1,0
BRDA:122,9,0,0
BRDA:122,9,1,0
BRDA:122,10,0,0
BRDA:122,10,1,0
BRDA:124,11,0,0
BRDA:124,11,1,0
BRDA:133,12,0,0
BRDA:133,12,1,0
BRDA:133,13,0,0
BRDA:133,13,1,0
BRDA:135,14,0,0
BRDA:135,14,1,0
BRDA:136,15,0,0
BRDA:136,15,1,0
BRDA:149,16,0,0
BRDA:149,16,1,0
BRDA:149,17,0,0
BRDA:149,17,1,0
BRDA:149,17,2,0
BRDA:157,18,0,0
BRDA:157,18,1,0
BRDA:157,19,0,0
BRDA:157,19,1,0
BRDA:159,20,0,0
BRDA:159,20,1,0
BRDA:159,21,0,0
BRDA:159,21,1,0
BRDA:168,22,0,0
BRDA:168,22,1,0
BRDA:176,23,0,0
BRDA:176,23,1,0
BRDA:176,24,0,0
BRDA:176,24,1,0
BRDA:176,24,2,0
BRDA:183,25,0,0
BRDA:183,25,1,0
BRDA:185,26,0,0
BRDA:185,26,1,0
BRDA:190,27,0,0
BRDA:190,27,1,0
BRDA:190,28,0,0
BRDA:190,28,1,0
BRDA:191,29,0,0
BRDA:191,29,1,0
BRDA:193,30,0,0
BRDA:193,30,1,0
BRDA:200,31,0,0
BRDA:200,31,1,0
BRDA:210,32,0,0
BRDA:210,32,1,0
BRDA:210,33,0,0
BRDA:210,33,1,0
BRDA:222,34,0,0
BRDA:222,34,1,0
BRDA:222,35,0,0
BRDA:222,35,1,0
BRDA:226,36,0,0
BRDA:226,36,1,0
BRDA:228,37,0,0
BRDA:228,37,1,0
BRDA:253,38,0,0
BRDA:253,38,1,0
BRDA:254,39,0,0
BRDA:254,39,1,0
BRDA:255,40,0,0
BRDA:255,40,1,0
BRDA:259,41,0,0
BRDA:259,41,1,0
BRDA:260,42,0,0
BRDA:260,42,1,0
BRDA:261,43,0,0
BRDA:261,43,1,0
BRDA:265,44,0,0
BRDA:265,44,1,0
BRDA:267,45,0,0
BRDA:267,45,1,0
BRDA:290,46,0,0
BRDA:290,46,1,0
BRDA:298,47,0,0
BRDA:298,47,1,0
BRDA:320,48,0,0
BRDA:320,48,1,0
BRDA:321,49,0,0
BRDA:321,49,1,0
BRDA:357,50,0,0
BRDA:357,50,1,0
BRDA:387,51,0,0
BRDA:387,51,1,0
BRDA:389,52,0,0
BRDA:389,52,1,0
BRDA:399,53,0,0
BRDA:399,53,1,0
BRDA:401,54,0,0
BRDA:401,54,1,0
BRDA:406,55,0,0
BRDA:406,55,1,0
BRDA:407,56,0,0
BRDA:407,56,1,0
BRDA:416,57,0,0
BRDA:416,57,1,0
BRDA:421,58,0,0
BRDA:421,58,1,0
BRDA:426,59,0,0
BRDA:426,59,1,0
BRDA:436,60,0,0
BRDA:436,60,1,0
BRDA:438,61,0,0
BRDA:438,61,1,0
BRDA:438,61,2,0
BRDA:440,62,0,0
BRDA:440,62,1,0
BRDA:440,62,2,0
BRF:129
BRH:0
end_of_record
TN:
SF:src/api/googleAuth.ts
FN:10,revokeToken
FNF:1
FNH:0
FNDA:0,revokeToken
DA:5,0
DA:6,0
DA:7,0
DA:10,0
DA:11,0
DA:12,0
LF:6
LH:0
BRDA:6,0,0,0
BRDA:6,0,1,0
BRDA:11,1,0,0
BRDA:11,1,1,0
BRF:4
BRH:0
end_of_record
TN:
SF:src/api/youtubeApi.ts
FN:22,getMostPopularVideos
FN:39,searchVideos
FN:59,(anonymous_2)
FN:79,searchChannels
FN:100,getVideoDetails
FN:113,readRelatedCache
FN:128,writeRelatedCache
FN:134,getRelatedVideos
FN:175,(anonymous_8)
FN:177,(anonymous_9)
FN:210,fetchCategories
FN:218,(anonymous_11)
FN:233,fetchVideosByCategory
FN:259,rateVideo
FN:272,checkSubscriptionStatus
FN:282,subscribeToChannel
FN:300,unsubscribe
FN:309,getLikedVideos
FN:321,getLikedVideosLocal
FN:329,(anonymous_19)
FN:333,(anonymous_20)
FN:340,getSubscribedChannels
FN:354,getSubscribedChannelsLocal
FN:368,fetchChannelDetailsFromApi
FN:384,fetchChannelDetails
FNF:25
FNH:0
FNDA:0,getMostPopularVideos
FNDA:0,searchVideos
FNDA:0,(anonymous_2)
FNDA:0,searchChannels
FNDA:0,getVideoDetails
FNDA:0,readRelatedCache
FNDA:0,writeRelatedCache
FNDA:0,getRelatedVideos
FNDA:0,(anonymous_8)
FNDA:0,(anonymous_9)
FNDA:0,fetchCategories
FNDA:0,(anonymous_11)
FNDA:0,fetchVideosByCategory
FNDA:0,rateVideo
FNDA:0,checkSubscriptionStatus
FNDA:0,subscribeToChannel
FNDA:0,unsubscribe
FNDA:0,getLikedVideos
FNDA:0,getLikedVideosLocal
FNDA:0,(anonymous_19)
FNDA:0,(anonymous_20)
FNDA:0,getSubscribedChannels
FNDA:0,getSubscribedChannelsLocal
FNDA:0,fetchChannelDetailsFromApi
FNDA:0,fetchChannelDetails
DA:1,0
DA:8,0
DA:9,0
DA:10,0
DA:13,0
DA:22,0
DA:23,0
DA:29,0
DA:30,0
DA:32,0
DA:33,0
DA:39,0
DA:40,0
DA:41,0
DA:46,0
DA:52,0
DA:54,0
DA:55,0
DA:56,0
DA:58,0
DA:59,0
DA:63,0
DA:65,0
DA:73,0
DA:79,0
DA:80,0
DA:86,0
DA:87,0
DA:89,0
DA:90,0
DA:95,0
DA:100,0
DA:101,0
DA:102,0
DA:106,0
DA:107,0
DA:110,0
DA:111,0
DA:114,0
DA:115,0
DA:116,0
DA:117,0
DA:118,0
DA:119,0
DA:120,0
DA:122,0
DA:124,0
DA:129,0
DA:130,0
DA:134,0
DA:135,0
DA:137,0
DA:138,0
DA:139,0
DA:141,0
DA:142,0
DA:145,0
DA:146,0
DA:147,0
DA:148,0
DA:149,0
DA:150,0
DA:152,0
DA:158,0
DA:159,0
DA:160,0
DA:161,0
DA:162,0
DA:163,0
DA:165,0
DA:166,0
DA:169,0
DA:170,0
DA:172,0
DA:175,0
DA:177,0
DA:181,0
DA:182,0
DA:183,0
DA:186,0
DA:188,0
DA:195,0
DA:197,0
DA:199,0
DA:201,0
DA:202,0
DA:205,0
DA:206,0
DA:207,0
DA:208,0
DA:210,0
DA:211,0
DA:212,0
DA:214,0
DA:215,0
DA:218,0
DA:219,0
DA:220,0
DA:221,0
DA:222,0
DA:223,0
DA:224,0
DA:225,0
DA:227,0
DA:230,0
DA:233,0
DA:234,0
DA:242,0
DA:243,0
DA:244,0
DA:246,0
DA:247,0
DA:252,0
DA:259,0
DA:261,0
DA:265,0
DA:272,0
DA:273,0
DA:274,0
DA:275,0
DA:279,0
DA:282,0
DA:283,0
DA:284,0
DA:285,0
DA:293,0
DA:297,0
DA:300,0
DA:301,0
DA:302,0
DA:309,0
DA:310,0
DA:311,0
DA:315,0
DA:321,0
DA:322,0
DA:323,0
DA:324,0
DA:326,0
DA:327,0
DA:329,0
DA:331,0
DA:333,0
DA:334,0
DA:336,0
DA:340,0
DA:341,0
DA:342,0
DA:346,0
DA:351,0
DA:354,0
DA:355,0
DA:356,0
DA:358,0
DA:360,0
DA:361,0
DA:363,0
DA:364,0
DA:365,0
DA:369,0
DA:370,0
DA:374,0
DA:375,0
DA:376,0
DA:379,0
DA:380,0
DA:384,0
DA:385,0
DA:390,0
DA:391,0
DA:392,0
DA:396,0
DA:397,0
LF:173
LH:0
BRDA:9,0,0,0
BRDA:9,0,1,0
BRDA:22,1,0,0
BRDA:29,2,0,0
BRDA:29,2,1,0
BRDA:34,3,0,0
BRDA:34,3,1,0
BRDA:35,4,0,0
BRDA:35,4,1,0
BRDA:39,5,0,0
BRDA:40,6,0,0
BRDA:40,6,1,0
BRDA:40,7,0,0
BRDA:40,7,1,0
BRDA:52,8,0,0
BRDA:52,8,1,0
BRDA:55,9,0,0
BRDA:55,9,1,0
BRDA:56,10,0,0
BRDA:56,10,1,0
BRDA:63,11,0,0
BRDA:63,11,1,0
BRDA:74,12,0,0
BRDA:74,12,1,0
BRDA:79,13,0,0
BRDA:86,14,0,0
BRDA:86,14,1,0
BRDA:91,15,0,0
BRDA:91,15,1,0
BRDA:92,16,0,0
BRDA:92,16,1,0
BRDA:101,17,0,0
BRDA:101,17,1,0
BRDA:107,18,0,0
BRDA:107,18,1,0
BRDA:107,18,2,0
BRDA:116,19,0,0
BRDA:116,19,1,0
BRDA:118,20,0,0
BRDA:118,20,1,0
BRDA:118,21,0,0
BRDA:118,21,1,0
BRDA:122,22,0,0
BRDA:122,22,1,0
BRDA:134,23,0,0
BRDA:135,24,0,0
BRDA:135,24,1,0
BRDA:139,25,0,0
BRDA:139,25,1,0
BRDA:145,26,0,0
BRDA:145,26,1,0
BRDA:145,26,2,0
BRDA:146,27,0,0
BRDA:146,27,1,0
BRDA:149,28,0,0
BRDA:149,28,1,0
BRDA:150,29,0,0
BRDA:150,29,1,0
BRDA:158,30,0,0
BRDA:158,30,1,0
BRDA:160,31,0,0
BRDA:160,31,1,0
BRDA:162,32,0,0
BRDA:162,32,1,0
BRDA:166,33,0,0
BRDA:166,33,1,0
BRDA:170,34,0,0
BRDA:170,34,1,0
BRDA:175,35,0,0
BRDA:175,35,1,0
BRDA:181,36,0,0
BRDA:181,36,1,0
BRDA:195,37,0,0
BRDA:195,37,1,0
BRDA:201,38,0,0
BRDA:201,38,1,0
BRDA:201,38,2,0
BRDA:211,39,0,0
BRDA:211,39,1,0
BRDA:211,40,0,0
BRDA:211,40,1,0
BRDA:214,41,0,0
BRDA:214,41,1,0
BRDA:222,42,0,0
BRDA:222,42,1,0
BRDA:233,43,0,0
BRDA:244,44,0,0
BRDA:244,44,1,0
BRDA:246,45,0,0
BRDA:246,45,1,0
BRDA:273,46,0,0
BRDA:273,46,1,0
BRDA:283,47,0,0
BRDA:283,47,1,0
BRDA:301,48,0,0
BRDA:301,48,1,0
BRDA:310,49,0,0
BRDA:310,49,1,0
BRDA:324,50,0,0
BRDA:324,50,1,0
BRDA:327,51,0,0
BRDA:327,51,1,0
BRDA:331,52,0,0
BRDA:331,52,1,0
BRDA:341,53,0,0
BRDA:341,53,1,0
BRDA:351,54,0,0
BRDA:351,54,1,0
BRDA:358,55,0,0
BRDA:358,55,1,0
BRDA:361,56,0,0
BRDA:361,56,1,0
BRDA:363,57,0,0
BRDA:363,57,1,0
BRDA:376,58,0,0
BRDA:376,58,1,0
BRDA:392,59,0,0
BRDA:392,59,1,0
BRF:118
BRH:0
end_of_record
TN:
SF:src/redux/rootReducer.tsx
FNF:0
FNH:0
DA:1,3
DA:2,3
DA:3,3
DA:4,3
DA:6,3
DA:11,3
LF:6
LH:6
BRF:0
BRH:0
end_of_record
TN:
SF:src/redux/store.ts
FNF:0
FNH:0
DA:1,2
DA:2,2
DA:3,2
DA:5,2
DA:7,2
LF:5
LH:5
BRF:0
BRH:0
end_of_record
TN:
SF:src/redux/auth/authActions.ts
FN:3,(anonymous_0)
FN:12,(anonymous_1)
FN:16,(anonymous_2)
FNF:3
FNH:3
FNDA:6,(anonymous_0)
FNDA:2,(anonymous_1)
FNDA:1,(anonymous_2)
DA:1,3
DA:3,3
DA:7,6
DA:12,3
DA:16,3
LF:5
LH:5
BRF:0
BRH:0
end_of_record
TN:
SF:src/redux/auth/authReducer.ts
FN:9,authReducer
FNF:1
FNH:1
FNDA:20,authReducer
DA:1,4
DA:3,4
DA:9,4
DA:10,20
DA:12,3
DA:19,1
DA:24,1
DA:26,15
LF:8
LH:8
BRDA:9,0,0,10
BRDA:10,1,0,3
BRDA:10,1,1,1
BRDA:10,1,2,1
BRDA:10,1,3,15
BRDA:14,2,0,3
BRDA:14,2,1,1
BRDA:15,3,0,3
BRDA:15,3,1,1
BRDA:16,4,0,3
BRDA:16,4,1,1
BRF:11
BRH:11
end_of_record
TN:
SF:src/redux/auth/authThunk.ts
FN:6,saveCurrentAuth
FN:11,(anonymous_1)
FN:11,(anonymous_2)
FN:25,(anonymous_3)
FN:25,(anonymous_4)
FN:39,(anonymous_5)
FN:39,(anonymous_6)
FN:51,(anonymous_7)
FN:51,(anonymous_8)
FN:62,(anonymous_9)
FN:62,(anonymous_10)
FN:83,(anonymous_11)
FN:83,(anonymous_12)
FNF:13
FNH:13
FNDA:7,saveCurrentAuth
FNDA:2,(anonymous_1)
FNDA:2,(anonymous_2)
FNDA:1,(anonymous_3)
FNDA:1,(anonymous_4)
FNDA:2,(anonymous_5)
FNDA:2,(anonymous_6)
FNDA:1,(anonymous_7)
FNDA:1,(anonymous_8)
FNDA:3,(anonymous_9)
FNDA:3,(anonymous_10)
FNDA:2,(anonymous_11)
FNDA:2,(anonymous_12)
DA:1,2
DA:2,2
DA:3,2
DA:4,2
DA:7,7
DA:8,7
DA:11,2
DA:12,2
DA:13,2
DA:15,2
DA:16,1
DA:18,1
DA:21,1
DA:22,1
DA:25,2
DA:26,1
DA:33,1
DA:35,1
DA:36,1
DA:39,2
DA:40,2
DA:47,2
DA:48,2
DA:51,2
DA:52,1
DA:53,1
DA:54,1
DA:55,1
DA:58,1
DA:59,1
DA:62,3
DA:63,3
DA:64,3
DA:65,3
DA:66,3
DA:67,1
DA:69,2
DA:70,1
DA:72,1
DA:74,2
DA:75,2
DA:76,2
DA:77,2
DA:83,2
DA:84,2
DA:85,2
DA:86,2
DA:87,2
DA:88,1
DA:92,1
DA:93,1
DA:94,1
DA:95,1
DA:97,0
DA:100,1
DA:102,1
DA:103,1
DA:104,1
DA:105,1
DA:109,1
LF:60
LH:59
BRDA:15,0,0,1
BRDA:15,0,1,1
BRDA:42,1,0,2
BRDA:42,1,1,1
BRDA:53,2,0,1
BRDA:53,2,1,0
BRDA:66,3,0,1
BRDA:66,3,1,2
BRDA:66,4,0,3
BRDA:66,4,1,2
BRDA:66,4,2,2
BRDA:69,5,0,1
BRDA:69,5,1,1
BRDA:87,6,0,1
BRDA:87,6,1,1
BRDA:87,7,0,2
BRDA:87,7,1,1
BRDA:87,7,2,1
BRDA:92,8,0,1
BRDA:92,8,1,0
BRDA:94,9,0,1
BRDA:94,9,1,0
BRF:22
BRH:19
end_of_record
TN:
SF:src/redux/auth/authTypes.ts
FNF:0
FNH:0
DA:1,7
DA:2,7
DA:3,7
LF:3
LH:3
BRF:0
BRH:0
end_of_record
TN:
SF:src/redux/category/categoryActions.ts
FN:3,(anonymous_0)
FNF:1
FNH:1
FNDA:2,(anonymous_0)
DA:1,3
DA:3,3
LF:2
LH:2
BRF:0
BRH:0
end_of_record
TN:
SF:src/redux/category/categoryReducer.ts
FN:13,categoryReducer
FNF:1
FNH:1
FNDA:18,categoryReducer
DA:1,4
DA:8,4
DA:13,4
DA:14,18
DA:16,2
DA:23,16
LF:6
LH:6
BRDA:13,0,0,10
BRDA:14,1,0,2
BRDA:14,1,1,16
BRDA:18,2,0,2
BRDA:18,2,1,1
BRDA:19,3,0,2
BRDA:19,3,1,1
BRF:7
BRH:7
end_of_record
TN:
SF:src/redux/category/categoryTypes.ts
FNF:0
FNH:0
DA:1,7
LF:1
LH:1
BRF:0
BRH:0
end_of_record
TN:
SF:src/redux/videos/video.types.tsx
FNF:0
FNH:0
DA:1,6
DA:2,6
DA:3,6
DA:5,6
DA:6,6
DA:7,6
DA:9,6
DA:10,6
DA:11,6
LF:9
LH:9
BRF:0
BRH:0
end_of_record
TN:
SF:src/redux/videos/videoActions.tsx
FN:4,(anonymous_0)
FN:5,(anonymous_1)
FNF:2
FNH:2
FNDA:5,(anonymous_0)
FNDA:5,(anonymous_1)
DA:1,2
DA:2,2
DA:4,2
DA:5,5
DA:6,5
DA:7,5
DA:8,5
DA:10,2
DA:19,3
DA:20,3
LF:10
LH:10
BRDA:19,0,0,3
BRDA:19,0,1,0
BRF:2
BRH:1
end_of_record
TN:
SF:src/redux/videos/videoReducer.tsx
FN:17,videoReducer
FNF:1
FNH:1
FNDA:22,videoReducer
DA:1,4
DA:10,4
DA:17,4
DA:18,22
DA:20,3
DA:22,4
DA:23,4
DA:24,4
DA:33,0
DA:36,4
DA:38,11
LF:11
LH:10
BRDA:17,0,0,10
BRDA:18,1,0,3
BRDA:18,1,1,4
BRDA:18,1,2,4
BRDA:18,1,3,11
BRDA:22,2,0,4
BRDA:22,2,1,0
BRDA:22,3,0,4
BRDA:22,3,1,4
BRDA:22,3,2,4
BRDA:26,4,0,2
BRDA:26,4,1,2
BRDA:26,5,0,2
BRDA:26,5,1,1
BRDA:26,6,0,2
BRDA:26,6,1,1
BRDA:27,7,0,4
BRDA:27,7,1,1
BRDA:33,8,0,0
BRDA:33,8,1,0
BRDA:36,9,0,4
BRDA:36,9,1,1
BRF:22
BRH:19
end_of_record
